<?xml version="1.0" encoding="UTF-8"?>
<testng-results ignored="0" total="1" passed="1" failed="0" skipped="0">
  <reporter-output>
  </reporter-output>
  <suite started-at="2025-01-02T12:46:15 IST" name="Default suite" finished-at="2025-01-02T12:47:03 IST" duration-ms="48136">
    <groups>
    </groups>
    <test started-at="2025-01-02T12:46:15 IST" name="Default test" finished-at="2025-01-02T12:47:03 IST" duration-ms="48136">
      <class name="com.shopperStack_Himanshu.TestScript.Tc_001_Verify_User_Is_Able_To_Add_Address_OR_Not">
        <test-method is-config="true" signature="beforeSuite()[pri:0, instance:com.shopperStack_Himanshu.TestScript.Tc_001_Verify_User_Is_Able_To_Add_Address_OR_Not@35841320]" started-at="2025-01-02T12:46:15 IST" name="beforeSuite" finished-at="2025-01-02T12:46:15 IST" duration-ms="17" status="PASS">
          <reporter-output>
          </reporter-output>
        </test-method> <!-- beforeSuite -->
        <test-method is-config="true" signature="beforeTest()[pri:0, instance:com.shopperStack_Himanshu.TestScript.Tc_001_Verify_User_Is_Able_To_Add_Address_OR_Not@35841320]" started-at="2025-01-02T12:46:15 IST" name="beforeTest" finished-at="2025-01-02T12:46:15 IST" duration-ms="368" status="PASS">
          <reporter-output>
          </reporter-output>
        </test-method> <!-- beforeTest -->
        <test-method is-config="true" signature="beforeClass()[pri:0, instance:com.shopperStack_Himanshu.TestScript.Tc_001_Verify_User_Is_Able_To_Add_Address_OR_Not@35841320]" started-at="2025-01-02T12:46:15 IST" name="beforeClass" finished-at="2025-01-02T12:46:21 IST" duration-ms="5481" status="PASS">
          <reporter-output>
          </reporter-output>
        </test-method> <!-- beforeClass -->
        <test-method is-config="true" signature="beforeMethod()[pri:0, instance:com.shopperStack_Himanshu.TestScript.Tc_001_Verify_User_Is_Able_To_Add_Address_OR_Not@35841320]" started-at="2025-01-02T12:46:21 IST" name="beforeMethod" finished-at="2025-01-02T12:46:33 IST" duration-ms="11912" status="PASS">
          <reporter-output>
          </reporter-output>
        </test-method> <!-- beforeMethod -->
        <test-method signature="addAddress()[pri:0, instance:com.shopperStack_Himanshu.TestScript.Tc_001_Verify_User_Is_Able_To_Add_Address_OR_Not@35841320]" started-at="2025-01-02T12:46:33 IST" name="addAddress" finished-at="2025-01-02T12:46:56 IST" duration-ms="23654" status="PASS">
          <reporter-output>
          </reporter-output>
        </test-method> <!-- addAddress -->
        <test-method is-config="true" signature="afterMethod()[pri:0, instance:com.shopperStack_Himanshu.TestScript.Tc_001_Verify_User_Is_Able_To_Add_Address_OR_Not@35841320]" started-at="2025-01-02T12:46:56 IST" name="afterMethod" finished-at="2025-01-02T12:46:57 IST" duration-ms="639" status="PASS">
          <reporter-output>
          </reporter-output>
        </test-method> <!-- afterMethod -->
        <test-method is-config="true" signature="afterClass()[pri:0, instance:com.shopperStack_Himanshu.TestScript.Tc_001_Verify_User_Is_Able_To_Add_Address_OR_Not@35841320]" started-at="2025-01-02T12:46:57 IST" name="afterClass" finished-at="2025-01-02T12:47:02 IST" duration-ms="5302" status="PASS">
          <reporter-output>
          </reporter-output>
        </test-method> <!-- afterClass -->
        <test-method is-config="true" signature="afterTest()[pri:0, instance:com.shopperStack_Himanshu.TestScript.Tc_001_Verify_User_Is_Able_To_Add_Address_OR_Not@35841320]" started-at="2025-01-02T12:47:02 IST" name="afterTest" finished-at="2025-01-02T12:47:03 IST" duration-ms="714" status="PASS">
          <reporter-output>
          </reporter-output>
        </test-method> <!-- afterTest -->
        <test-method is-config="true" signature="afterSuite()[pri:0, instance:com.shopperStack_Himanshu.TestScript.Tc_001_Verify_User_Is_Able_To_Add_Address_OR_Not@35841320]" started-at="2025-01-02T12:47:03 IST" name="afterSuite" finished-at="2025-01-02T12:47:03 IST" duration-ms="1" status="PASS">
          <reporter-output>
          </reporter-output>
        </test-method> <!-- afterSuite -->
      </class> <!-- com.shopperStack_Himanshu.TestScript.Tc_001_Verify_User_Is_Able_To_Add_Address_OR_Not -->
    </test> <!-- Default test -->
  </suite> <!-- Default suite -->
</testng-results>
