<?xml version="1.0" encoding="UTF-8"?>
<testng-results ignored="0" total="1" passed="1" failed="0" skipped="0">
  <reporter-output>
  </reporter-output>
  <suite started-at="2025-01-06T11:20:28 IST" name="Default suite" finished-at="2025-01-06T11:21:15 IST" duration-ms="46746">
    <groups>
    </groups>
    <test started-at="2025-01-06T11:20:28 IST" name="Default test" finished-at="2025-01-06T11:21:15 IST" duration-ms="46746">
      <class name="com.shopperStack_Himanshu.TestScript.Tc_002_Delete_Add_Address">
        <test-method is-config="true" signature="beforeSuite()[pri:0, instance:com.shopperStack_Himanshu.TestScript.Tc_002_Delete_Add_Address@305ffe9e]" started-at="2025-01-06T11:20:28 IST" name="beforeSuite" finished-at="2025-01-06T11:20:28 IST" duration-ms="15" status="PASS">
          <reporter-output>
          </reporter-output>
        </test-method> <!-- beforeSuite -->
        <test-method is-config="true" signature="beforeTest()[pri:0, instance:com.shopperStack_Himanshu.TestScript.Tc_002_Delete_Add_Address@305ffe9e]" started-at="2025-01-06T11:20:28 IST" name="beforeTest" finished-at="2025-01-06T11:20:29 IST" duration-ms="434" status="PASS">
          <reporter-output>
          </reporter-output>
        </test-method> <!-- beforeTest -->
        <test-method is-config="true" signature="beforeClass()[pri:0, instance:com.shopperStack_Himanshu.TestScript.Tc_002_Delete_Add_Address@305ffe9e]" started-at="2025-01-06T11:20:29 IST" name="beforeClass" finished-at="2025-01-06T11:20:36 IST" duration-ms="7225" status="PASS">
          <reporter-output>
          </reporter-output>
        </test-method> <!-- beforeClass -->
        <test-method is-config="true" signature="beforeMethod()[pri:0, instance:com.shopperStack_Himanshu.TestScript.Tc_002_Delete_Add_Address@305ffe9e]" started-at="2025-01-06T11:20:36 IST" name="beforeMethod" finished-at="2025-01-06T11:20:52 IST" duration-ms="15599" status="PASS">
          <reporter-output>
          </reporter-output>
        </test-method> <!-- beforeMethod -->
        <test-method signature="deteleaddress()[pri:0, instance:com.shopperStack_Himanshu.TestScript.Tc_002_Delete_Add_Address@305ffe9e]" started-at="2025-01-06T11:20:52 IST" name="deteleaddress" finished-at="2025-01-06T11:21:09 IST" duration-ms="17437" status="PASS">
          <reporter-output>
          </reporter-output>
        </test-method> <!-- deteleaddress -->
        <test-method is-config="true" signature="afterMethod()[pri:0, instance:com.shopperStack_Himanshu.TestScript.Tc_002_Delete_Add_Address@305ffe9e]" started-at="2025-01-06T11:21:09 IST" name="afterMethod" finished-at="2025-01-06T11:21:09 IST" duration-ms="247" status="PASS">
          <reporter-output>
          </reporter-output>
        </test-method> <!-- afterMethod -->
        <test-method is-config="true" signature="afterClass()[pri:0, instance:com.shopperStack_Himanshu.TestScript.Tc_002_Delete_Add_Address@305ffe9e]" started-at="2025-01-06T11:21:09 IST" name="afterClass" finished-at="2025-01-06T11:21:15 IST" duration-ms="5374" status="PASS">
          <reporter-output>
          </reporter-output>
        </test-method> <!-- afterClass -->
        <test-method is-config="true" signature="afterTest()[pri:0, instance:com.shopperStack_Himanshu.TestScript.Tc_002_Delete_Add_Address@305ffe9e]" started-at="2025-01-06T11:21:15 IST" name="afterTest" finished-at="2025-01-06T11:21:15 IST" duration-ms="385" status="PASS">
          <reporter-output>
          </reporter-output>
        </test-method> <!-- afterTest -->
        <test-method is-config="true" signature="afterSuite()[pri:0, instance:com.shopperStack_Himanshu.TestScript.Tc_002_Delete_Add_Address@305ffe9e]" started-at="2025-01-06T11:21:15 IST" name="afterSuite" finished-at="2025-01-06T11:21:15 IST" duration-ms="1" status="PASS">
          <reporter-output>
          </reporter-output>
        </test-method> <!-- afterSuite -->
      </class> <!-- com.shopperStack_Himanshu.TestScript.Tc_002_Delete_Add_Address -->
    </test> <!-- Default test -->
  </suite> <!-- Default suite -->
</testng-results>
